{"/Users/byunboy2/Rithm/exercises/7/rithm-messagely/app.js": {"path":"/Users/byunboy2/Rithm/exercises/7/rithm-messagely/app.js","statementMap":{"0":{"start":{"line":6,"column":16},"end":{"line":6,"column":34}},"1":{"start":{"line":7,"column":13},"end":{"line":7,"column":28}},"2":{"start":{"line":8,"column":28},"end":{"line":8,"column":56}},"3":{"start":{"line":10,"column":26},"end":{"line":10,"column":51}},"4":{"start":{"line":11,"column":12},"end":{"line":11,"column":25}},"5":{"start":{"line":14,"column":0},"end":{"line":14,"column":24}},"6":{"start":{"line":15,"column":0},"end":{"line":15,"column":30}},"7":{"start":{"line":18,"column":0},"end":{"line":18,"column":16}},"8":{"start":{"line":21,"column":0},"end":{"line":21,"column":25}},"9":{"start":{"line":25,"column":19},"end":{"line":25,"column":43}},"10":{"start":{"line":26,"column":19},"end":{"line":26,"column":44}},"11":{"start":{"line":27,"column":22},"end":{"line":27,"column":50}},"12":{"start":{"line":29,"column":0},"end":{"line":29,"column":29}},"13":{"start":{"line":30,"column":0},"end":{"line":30,"column":30}},"14":{"start":{"line":31,"column":0},"end":{"line":31,"column":36}},"15":{"start":{"line":35,"column":0},"end":{"line":37,"column":3}},"16":{"start":{"line":36,"column":2},"end":{"line":36,"column":28}},"17":{"start":{"line":40,"column":0},"end":{"line":45,"column":3}},"18":{"start":{"line":41,"column":17},"end":{"line":41,"column":34}},"19":{"start":{"line":42,"column":18},"end":{"line":42,"column":29}},"20":{"start":{"line":43,"column":2},"end":{"line":43,"column":72}},"21":{"start":{"line":43,"column":39},"end":{"line":43,"column":72}},"22":{"start":{"line":44,"column":2},"end":{"line":44,"column":65}},"23":{"start":{"line":50,"column":0},"end":{"line":50,"column":21}}},"fnMap":{"0":{"name":"(anonymous_0)","decl":{"start":{"line":35,"column":8},"end":{"line":35,"column":9}},"loc":{"start":{"line":35,"column":34},"end":{"line":37,"column":1}},"line":35},"1":{"name":"(anonymous_1)","decl":{"start":{"line":40,"column":8},"end":{"line":40,"column":9}},"loc":{"start":{"line":40,"column":39},"end":{"line":45,"column":1}},"line":40}},"branchMap":{"0":{"loc":{"start":{"line":41,"column":17},"end":{"line":41,"column":34}},"type":"binary-expr","locations":[{"start":{"line":41,"column":17},"end":{"line":41,"column":27}},{"start":{"line":41,"column":31},"end":{"line":41,"column":34}}],"line":41},"1":{"loc":{"start":{"line":43,"column":2},"end":{"line":43,"column":72}},"type":"if","locations":[{"start":{"line":43,"column":2},"end":{"line":43,"column":72}},{"start":{},"end":{}}],"line":43}},"s":{"0":1,"1":1,"2":1,"3":1,"4":1,"5":1,"6":1,"7":1,"8":1,"9":1,"10":1,"11":1,"12":1,"13":1,"14":1,"15":1,"16":0,"17":1,"18":1,"19":1,"20":1,"21":0,"22":1,"23":1},"f":{"0":0,"1":1},"b":{"0":[1,0],"1":[0,1]},"_coverageSchema":"1a1c01bbd47fc00a2c39e90264f33305004495a9","hash":"61606b1b82c23928e6ba8fef4c5b916ba940fa27"}
,"/Users/byunboy2/Rithm/exercises/7/rithm-messagely/config.js": {"path":"/Users/byunboy2/Rithm/exercises/7/rithm-messagely/config.js","statementMap":{"0":{"start":{"line":7,"column":0},"end":{"line":7,"column":27}},"1":{"start":{"line":9,"column":15},"end":{"line":11,"column":31}},"2":{"start":{"line":13,"column":19},"end":{"line":13,"column":53}},"3":{"start":{"line":15,"column":27},"end":{"line":15,"column":29}},"4":{"start":{"line":18,"column":0},"end":{"line":22,"column":2}}},"fnMap":{},"branchMap":{"0":{"loc":{"start":{"line":9,"column":15},"end":{"line":11,"column":31}},"type":"cond-expr","locations":[{"start":{"line":10,"column":6},"end":{"line":10,"column":36}},{"start":{"line":11,"column":6},"end":{"line":11,"column":31}}],"line":9},"1":{"loc":{"start":{"line":13,"column":19},"end":{"line":13,"column":53}},"type":"binary-expr","locations":[{"start":{"line":13,"column":19},"end":{"line":13,"column":41}},{"start":{"line":13,"column":45},"end":{"line":13,"column":53}}],"line":13}},"s":{"0":3,"1":3,"2":3,"3":3,"4":3},"f":{},"b":{"0":[3,0],"1":[3,3]},"_coverageSchema":"1a1c01bbd47fc00a2c39e90264f33305004495a9","hash":"d12b06436ecf0b82b864010f00c3536a7b33cecc"}
,"/Users/byunboy2/Rithm/exercises/7/rithm-messagely/db.js": {"path":"/Users/byunboy2/Rithm/exercises/7/rithm-messagely/db.js","statementMap":{"0":{"start":{"line":6,"column":19},"end":{"line":6,"column":32}},"1":{"start":{"line":7,"column":19},"end":{"line":7,"column":38}},"2":{"start":{"line":9,"column":11},"end":{"line":9,"column":29}},"3":{"start":{"line":11,"column":0},"end":{"line":11,"column":13}},"4":{"start":{"line":14,"column":0},"end":{"line":14,"column":20}}},"fnMap":{},"branchMap":{},"s":{"0":3,"1":3,"2":3,"3":3,"4":3},"f":{},"b":{},"_coverageSchema":"1a1c01bbd47fc00a2c39e90264f33305004495a9","hash":"86f52ccbfd8c94670d56f2bc466c74e60cd7c289"}
,"/Users/byunboy2/Rithm/exercises/7/rithm-messagely/expressError.js": {"path":"/Users/byunboy2/Rithm/exercises/7/rithm-messagely/expressError.js","statementMap":{"0":{"start":{"line":9,"column":4},"end":{"line":9,"column":12}},"1":{"start":{"line":10,"column":4},"end":{"line":10,"column":27}},"2":{"start":{"line":11,"column":4},"end":{"line":11,"column":25}},"3":{"start":{"line":19,"column":4},"end":{"line":19,"column":24}},"4":{"start":{"line":27,"column":4},"end":{"line":27,"column":24}},"5":{"start":{"line":35,"column":4},"end":{"line":35,"column":24}},"6":{"start":{"line":43,"column":4},"end":{"line":43,"column":24}},"7":{"start":{"line":47,"column":0},"end":{"line":53,"column":2}}},"fnMap":{"0":{"name":"(anonymous_0)","decl":{"start":{"line":8,"column":2},"end":{"line":8,"column":3}},"loc":{"start":{"line":8,"column":31},"end":{"line":12,"column":3}},"line":8},"1":{"name":"(anonymous_1)","decl":{"start":{"line":18,"column":2},"end":{"line":18,"column":3}},"loc":{"start":{"line":18,"column":37},"end":{"line":20,"column":3}},"line":18},"2":{"name":"(anonymous_2)","decl":{"start":{"line":26,"column":2},"end":{"line":26,"column":3}},"loc":{"start":{"line":26,"column":40},"end":{"line":28,"column":3}},"line":26},"3":{"name":"(anonymous_3)","decl":{"start":{"line":34,"column":2},"end":{"line":34,"column":3}},"loc":{"start":{"line":34,"column":39},"end":{"line":36,"column":3}},"line":34},"4":{"name":"(anonymous_4)","decl":{"start":{"line":42,"column":2},"end":{"line":42,"column":3}},"loc":{"start":{"line":42,"column":39},"end":{"line":44,"column":3}},"line":42}},"branchMap":{"0":{"loc":{"start":{"line":18,"column":14},"end":{"line":18,"column":35}},"type":"default-arg","locations":[{"start":{"line":18,"column":24},"end":{"line":18,"column":35}}],"line":18},"1":{"loc":{"start":{"line":26,"column":14},"end":{"line":26,"column":38}},"type":"default-arg","locations":[{"start":{"line":26,"column":24},"end":{"line":26,"column":38}}],"line":26},"2":{"loc":{"start":{"line":34,"column":14},"end":{"line":34,"column":37}},"type":"default-arg","locations":[{"start":{"line":34,"column":24},"end":{"line":34,"column":37}}],"line":34},"3":{"loc":{"start":{"line":42,"column":14},"end":{"line":42,"column":37}},"type":"default-arg","locations":[{"start":{"line":42,"column":24},"end":{"line":42,"column":37}}],"line":42}},"s":{"0":3,"1":3,"2":3,"3":2,"4":1,"5":0,"6":0,"7":3},"f":{"0":3,"1":2,"2":1,"3":0,"4":0},"b":{"0":[0],"1":[0],"2":[0],"3":[0]},"_coverageSchema":"1a1c01bbd47fc00a2c39e90264f33305004495a9","hash":"5ed5ff8ef313e3d4031bd98a24f19f6d1cec489d"}
,"/Users/byunboy2/Rithm/exercises/7/rithm-messagely/middleware/auth.js": {"path":"/Users/byunboy2/Rithm/exercises/7/rithm-messagely/middleware/auth.js","statementMap":{"0":{"start":{"line":5,"column":12},"end":{"line":5,"column":35}},"1":{"start":{"line":7,"column":23},"end":{"line":7,"column":43}},"2":{"start":{"line":8,"column":30},"end":{"line":8,"column":56}},"3":{"start":{"line":10,"column":16},"end":{"line":10,"column":44}},"4":{"start":{"line":16,"column":2},"end":{"line":24,"column":3}},"5":{"start":{"line":17,"column":29},"end":{"line":17,"column":64}},"6":{"start":{"line":18,"column":20},"end":{"line":18,"column":60}},"7":{"start":{"line":19,"column":4},"end":{"line":19,"column":30}},"8":{"start":{"line":20,"column":4},"end":{"line":20,"column":18}},"9":{"start":{"line":23,"column":4},"end":{"line":23,"column":18}},"10":{"start":{"line":31,"column":4},"end":{"line":35,"column":5}},"11":{"start":{"line":32,"column":6},"end":{"line":32,"column":36}},"12":{"start":{"line":34,"column":6},"end":{"line":34,"column":20}},"13":{"start":{"line":44,"column":2},"end":{"line":53,"column":3}},"14":{"start":{"line":45,"column":4},"end":{"line":50,"column":5}},"15":{"start":{"line":47,"column":6},"end":{"line":47,"column":36}},"16":{"start":{"line":49,"column":6},"end":{"line":49,"column":20}},"17":{"start":{"line":52,"column":4},"end":{"line":52,"column":21}},"18":{"start":{"line":60,"column":4},"end":{"line":66,"column":7}},"19":{"start":{"line":63,"column":8},"end":{"line":63,"column":38}},"20":{"start":{"line":65,"column":8},"end":{"line":65,"column":22}},"21":{"start":{"line":75,"column":2},"end":{"line":84,"column":3}},"22":{"start":{"line":76,"column":4},"end":{"line":81,"column":5}},"23":{"start":{"line":78,"column":10},"end":{"line":78,"column":40}},"24":{"start":{"line":80,"column":6},"end":{"line":80,"column":20}},"25":{"start":{"line":83,"column":4},"end":{"line":83,"column":21}},"26":{"start":{"line":88,"column":0},"end":{"line":94,"column":2}}},"fnMap":{"0":{"name":"authenticateJWT","decl":{"start":{"line":15,"column":9},"end":{"line":15,"column":24}},"loc":{"start":{"line":15,"column":41},"end":{"line":25,"column":1}},"line":15},"1":{"name":"ensureLoggedIn","decl":{"start":{"line":29,"column":9},"end":{"line":29,"column":23}},"loc":{"start":{"line":29,"column":40},"end":{"line":39,"column":1}},"line":29},"2":{"name":"ensureCorrectUser","decl":{"start":{"line":43,"column":9},"end":{"line":43,"column":26}},"loc":{"start":{"line":43,"column":43},"end":{"line":54,"column":1}},"line":43},"3":{"name":"ensureSenderReceiver","decl":{"start":{"line":58,"column":15},"end":{"line":58,"column":35}},"loc":{"start":{"line":58,"column":52},"end":{"line":70,"column":1}},"line":58},"4":{"name":"ensureRecipient","decl":{"start":{"line":74,"column":15},"end":{"line":74,"column":30}},"loc":{"start":{"line":74,"column":47},"end":{"line":85,"column":1}},"line":74}},"branchMap":{"0":{"loc":{"start":{"line":17,"column":29},"end":{"line":17,"column":64}},"type":"binary-expr","locations":[{"start":{"line":17,"column":29},"end":{"line":17,"column":45}},{"start":{"line":17,"column":49},"end":{"line":17,"column":64}}],"line":17},"1":{"loc":{"start":{"line":31,"column":4},"end":{"line":35,"column":5}},"type":"if","locations":[{"start":{"line":31,"column":4},"end":{"line":35,"column":5}},{"start":{"line":33,"column":11},"end":{"line":35,"column":5}}],"line":31},"2":{"loc":{"start":{"line":45,"column":4},"end":{"line":50,"column":5}},"type":"if","locations":[{"start":{"line":45,"column":4},"end":{"line":50,"column":5}},{"start":{"line":48,"column":11},"end":{"line":50,"column":5}}],"line":45},"3":{"loc":{"start":{"line":45,"column":8},"end":{"line":46,"column":56}},"type":"binary-expr","locations":[{"start":{"line":45,"column":8},"end":{"line":45,"column":24}},{"start":{"line":46,"column":8},"end":{"line":46,"column":56}}],"line":45},"4":{"loc":{"start":{"line":60,"column":4},"end":{"line":66,"column":7}},"type":"if","locations":[{"start":{"line":60,"column":4},"end":{"line":66,"column":7}},{"start":{"line":64,"column":13},"end":{"line":66,"column":7}}],"line":60},"5":{"loc":{"start":{"line":61,"column":6},"end":{"line":62,"column":90}},"type":"binary-expr","locations":[{"start":{"line":61,"column":6},"end":{"line":61,"column":22}},{"start":{"line":62,"column":6},"end":{"line":62,"column":90}}],"line":61},"6":{"loc":{"start":{"line":76,"column":4},"end":{"line":81,"column":5}},"type":"if","locations":[{"start":{"line":76,"column":4},"end":{"line":81,"column":5}},{"start":{"line":79,"column":11},"end":{"line":81,"column":5}}],"line":76},"7":{"loc":{"start":{"line":76,"column":8},"end":{"line":77,"column":77}},"type":"binary-expr","locations":[{"start":{"line":76,"column":8},"end":{"line":76,"column":24}},{"start":{"line":77,"column":8},"end":{"line":77,"column":77}}],"line":76}},"s":{"0":1,"1":1,"2":1,"3":1,"4":2,"5":2,"6":2,"7":0,"8":0,"9":2,"10":0,"11":0,"12":0,"13":0,"14":0,"15":0,"16":0,"17":0,"18":0,"19":0,"20":0,"21":0,"22":0,"23":0,"24":0,"25":0,"26":1},"f":{"0":2,"1":0,"2":0,"3":0,"4":0},"b":{"0":[2,2],"1":[0,0],"2":[0,0],"3":[0,0],"4":[0,0],"5":[0,0],"6":[0,0],"7":[0,0]},"_coverageSchema":"1a1c01bbd47fc00a2c39e90264f33305004495a9","hash":"8ec5ccee230b77451b65b34109d7007387d00e94"}
,"/Users/byunboy2/Rithm/exercises/7/rithm-messagely/models/message.js": {"path":"/Users/byunboy2/Rithm/exercises/7/rithm-messagely/models/message.js","statementMap":{"0":{"start":{"line":5,"column":26},"end":{"line":5,"column":52}},"1":{"start":{"line":6,"column":11},"end":{"line":6,"column":27}},"2":{"start":{"line":17,"column":19},"end":{"line":25,"column":41}},"3":{"start":{"line":27,"column":4},"end":{"line":27,"column":26}},"4":{"start":{"line":39,"column":19},"end":{"line":44,"column":11}},"5":{"start":{"line":45,"column":20},"end":{"line":45,"column":34}},"6":{"start":{"line":47,"column":4},"end":{"line":47,"column":68}},"7":{"start":{"line":47,"column":18},"end":{"line":47,"column":68}},"8":{"start":{"line":49,"column":4},"end":{"line":49,"column":19}},"9":{"start":{"line":61,"column":19},"end":{"line":78,"column":11}},"10":{"start":{"line":80,"column":12},"end":{"line":80,"column":26}},"11":{"start":{"line":82,"column":4},"end":{"line":82,"column":62}},"12":{"start":{"line":82,"column":12},"end":{"line":82,"column":62}},"13":{"start":{"line":84,"column":4},"end":{"line":101,"column":6}},"14":{"start":{"line":109,"column":19},"end":{"line":115,"column":15}},"15":{"start":{"line":116,"column":4},"end":{"line":116,"column":64}},"16":{"start":{"line":116,"column":38},"end":{"line":116,"column":64}},"17":{"start":{"line":117,"column":29},"end":{"line":117,"column":43}},"18":{"start":{"line":119,"column":4},"end":{"line":119,"column":24}},"19":{"start":{"line":128,"column":19},"end":{"line":134,"column":15}},"20":{"start":{"line":135,"column":4},"end":{"line":135,"column":64}},"21":{"start":{"line":135,"column":38},"end":{"line":135,"column":64}},"22":{"start":{"line":136,"column":27},"end":{"line":136,"column":41}},"23":{"start":{"line":138,"column":4},"end":{"line":138,"column":22}},"24":{"start":{"line":147,"column":19},"end":{"line":156,"column":15}},"25":{"start":{"line":157,"column":4},"end":{"line":157,"column":64}},"26":{"start":{"line":157,"column":38},"end":{"line":157,"column":64}},"27":{"start":{"line":158,"column":41},"end":{"line":158,"column":55}},"28":{"start":{"line":160,"column":4},"end":{"line":160,"column":38}},"29":{"start":{"line":167,"column":0},"end":{"line":167,"column":25}}},"fnMap":{"0":{"name":"(anonymous_0)","decl":{"start":{"line":16,"column":2},"end":{"line":16,"column":3}},"loc":{"start":{"line":16,"column":60},"end":{"line":28,"column":3}},"line":16},"1":{"name":"(anonymous_1)","decl":{"start":{"line":38,"column":2},"end":{"line":38,"column":3}},"loc":{"start":{"line":38,"column":28},"end":{"line":50,"column":3}},"line":38},"2":{"name":"(anonymous_2)","decl":{"start":{"line":60,"column":2},"end":{"line":60,"column":3}},"loc":{"start":{"line":60,"column":23},"end":{"line":102,"column":3}},"line":60},"3":{"name":"(anonymous_3)","decl":{"start":{"line":107,"column":2},"end":{"line":107,"column":3}},"loc":{"start":{"line":107,"column":33},"end":{"line":120,"column":3}},"line":107},"4":{"name":"(anonymous_4)","decl":{"start":{"line":126,"column":2},"end":{"line":126,"column":3}},"loc":{"start":{"line":126,"column":35},"end":{"line":139,"column":3}},"line":126},"5":{"name":"(anonymous_5)","decl":{"start":{"line":145,"column":2},"end":{"line":145,"column":3}},"loc":{"start":{"line":145,"column":41},"end":{"line":161,"column":3}},"line":145}},"branchMap":{"0":{"loc":{"start":{"line":47,"column":4},"end":{"line":47,"column":68}},"type":"if","locations":[{"start":{"line":47,"column":4},"end":{"line":47,"column":68}},{"start":{},"end":{}}],"line":47},"1":{"loc":{"start":{"line":82,"column":4},"end":{"line":82,"column":62}},"type":"if","locations":[{"start":{"line":82,"column":4},"end":{"line":82,"column":62}},{"start":{},"end":{}}],"line":82},"2":{"loc":{"start":{"line":116,"column":4},"end":{"line":116,"column":64}},"type":"if","locations":[{"start":{"line":116,"column":4},"end":{"line":116,"column":64}},{"start":{},"end":{}}],"line":116},"3":{"loc":{"start":{"line":135,"column":4},"end":{"line":135,"column":64}},"type":"if","locations":[{"start":{"line":135,"column":4},"end":{"line":135,"column":64}},{"start":{},"end":{}}],"line":135},"4":{"loc":{"start":{"line":157,"column":4},"end":{"line":157,"column":64}},"type":"if","locations":[{"start":{"line":157,"column":4},"end":{"line":157,"column":64}},{"start":{},"end":{}}],"line":157}},"s":{"0":3,"1":3,"2":6,"3":4,"4":0,"5":0,"6":0,"7":0,"8":0,"9":0,"10":0,"11":0,"12":0,"13":0,"14":0,"15":0,"16":0,"17":0,"18":0,"19":0,"20":0,"21":0,"22":0,"23":0,"24":0,"25":0,"26":0,"27":0,"28":0,"29":3},"f":{"0":6,"1":0,"2":0,"3":0,"4":0,"5":0},"b":{"0":[0,0],"1":[0,0],"2":[0,0],"3":[0,0],"4":[0,0]},"_coverageSchema":"1a1c01bbd47fc00a2c39e90264f33305004495a9","hash":"d6a636b6f1e9c6414a1f0f74e7bbb3eac8612e6e"}
,"/Users/byunboy2/Rithm/exercises/7/rithm-messagely/models/user.js": {"path":"/Users/byunboy2/Rithm/exercises/7/rithm-messagely/models/user.js","statementMap":{"0":{"start":{"line":3,"column":11},"end":{"line":3,"column":27}},"1":{"start":{"line":4,"column":15},"end":{"line":4,"column":32}},"2":{"start":{"line":6,"column":26},"end":{"line":6,"column":52}},"3":{"start":{"line":7,"column":31},"end":{"line":7,"column":51}},"4":{"start":{"line":20,"column":27},"end":{"line":23,"column":5}},"5":{"start":{"line":25,"column":19},"end":{"line":36,"column":63}},"6":{"start":{"line":38,"column":4},"end":{"line":38,"column":26}},"7":{"start":{"line":46,"column":19},"end":{"line":50,"column":19}},"8":{"start":{"line":51,"column":17},"end":{"line":51,"column":31}},"9":{"start":{"line":54,"column":4},"end":{"line":60,"column":5}},"10":{"start":{"line":55,"column":6},"end":{"line":59,"column":7}},"11":{"start":{"line":57,"column":6},"end":{"line":57,"column":42}},"12":{"start":{"line":58,"column":6},"end":{"line":58,"column":18}},"13":{"start":{"line":61,"column":4},"end":{"line":61,"column":17}},"14":{"start":{"line":68,"column":19},"end":{"line":74,"column":5}},"15":{"start":{"line":75,"column":4},"end":{"line":77,"column":5}},"16":{"start":{"line":76,"column":6},"end":{"line":76,"column":53}},"17":{"start":{"line":85,"column":20},"end":{"line":88,"column":5}},"18":{"start":{"line":90,"column":4},"end":{"line":90,"column":24}},"19":{"start":{"line":104,"column":20},"end":{"line":113,"column":17}},"20":{"start":{"line":114,"column":17},"end":{"line":114,"column":32}},"21":{"start":{"line":116,"column":4},"end":{"line":118,"column":5}},"22":{"start":{"line":117,"column":6},"end":{"line":117,"column":53}},"23":{"start":{"line":120,"column":4},"end":{"line":120,"column":16}},"24":{"start":{"line":134,"column":24},"end":{"line":138,"column":17}},"25":{"start":{"line":139,"column":4},"end":{"line":141,"column":5}},"26":{"start":{"line":140,"column":6},"end":{"line":140,"column":53}},"27":{"start":{"line":143,"column":19},"end":{"line":156,"column":17}},"28":{"start":{"line":158,"column":4},"end":{"line":170,"column":10}},"29":{"start":{"line":159,"column":12},"end":{"line":170,"column":7}},"30":{"start":{"line":184,"column":24},"end":{"line":188,"column":17}},"31":{"start":{"line":189,"column":4},"end":{"line":191,"column":5}},"32":{"start":{"line":190,"column":6},"end":{"line":190,"column":53}},"33":{"start":{"line":193,"column":19},"end":{"line":206,"column":17}},"34":{"start":{"line":209,"column":4},"end":{"line":221,"column":10}},"35":{"start":{"line":210,"column":12},"end":{"line":221,"column":7}},"36":{"start":{"line":226,"column":0},"end":{"line":226,"column":22}}},"fnMap":{"0":{"name":"(anonymous_0)","decl":{"start":{"line":17,"column":2},"end":{"line":17,"column":3}},"loc":{"start":{"line":17,"column":78},"end":{"line":39,"column":3}},"line":17},"1":{"name":"(anonymous_1)","decl":{"start":{"line":43,"column":2},"end":{"line":43,"column":3}},"loc":{"start":{"line":43,"column":48},"end":{"line":62,"column":3}},"line":43},"2":{"name":"(anonymous_2)","decl":{"start":{"line":66,"column":2},"end":{"line":66,"column":3}},"loc":{"start":{"line":66,"column":46},"end":{"line":78,"column":3}},"line":66},"3":{"name":"(anonymous_3)","decl":{"start":{"line":83,"column":2},"end":{"line":83,"column":3}},"loc":{"start":{"line":83,"column":21},"end":{"line":91,"column":3}},"line":83},"4":{"name":"(anonymous_4)","decl":{"start":{"line":102,"column":2},"end":{"line":102,"column":3}},"loc":{"start":{"line":102,"column":29},"end":{"line":121,"column":3}},"line":102},"5":{"name":"(anonymous_5)","decl":{"start":{"line":131,"column":2},"end":{"line":131,"column":3}},"loc":{"start":{"line":131,"column":38},"end":{"line":171,"column":3}},"line":131},"6":{"name":"(anonymous_6)","decl":{"start":{"line":159,"column":6},"end":{"line":159,"column":7}},"loc":{"start":{"line":159,"column":12},"end":{"line":170,"column":7}},"line":159},"7":{"name":"(anonymous_7)","decl":{"start":{"line":181,"column":2},"end":{"line":181,"column":3}},"loc":{"start":{"line":181,"column":36},"end":{"line":222,"column":3}},"line":181},"8":{"name":"(anonymous_8)","decl":{"start":{"line":210,"column":6},"end":{"line":210,"column":7}},"loc":{"start":{"line":210,"column":12},"end":{"line":221,"column":7}},"line":210}},"branchMap":{"0":{"loc":{"start":{"line":54,"column":4},"end":{"line":60,"column":5}},"type":"if","locations":[{"start":{"line":54,"column":4},"end":{"line":60,"column":5}},{"start":{},"end":{}}],"line":54},"1":{"loc":{"start":{"line":55,"column":6},"end":{"line":59,"column":7}},"type":"if","locations":[{"start":{"line":55,"column":6},"end":{"line":59,"column":7}},{"start":{},"end":{}}],"line":55},"2":{"loc":{"start":{"line":75,"column":4},"end":{"line":77,"column":5}},"type":"if","locations":[{"start":{"line":75,"column":4},"end":{"line":77,"column":5}},{"start":{},"end":{}}],"line":75},"3":{"loc":{"start":{"line":116,"column":4},"end":{"line":118,"column":5}},"type":"if","locations":[{"start":{"line":116,"column":4},"end":{"line":118,"column":5}},{"start":{},"end":{}}],"line":116},"4":{"loc":{"start":{"line":139,"column":4},"end":{"line":141,"column":5}},"type":"if","locations":[{"start":{"line":139,"column":4},"end":{"line":141,"column":5}},{"start":{},"end":{}}],"line":139},"5":{"loc":{"start":{"line":189,"column":4},"end":{"line":191,"column":5}},"type":"if","locations":[{"start":{"line":189,"column":4},"end":{"line":191,"column":5}},{"start":{},"end":{}}],"line":189}},"s":{"0":3,"1":3,"2":3,"3":3,"4":19,"5":19,"6":16,"7":4,"8":4,"9":4,"10":2,"11":2,"12":2,"13":2,"14":3,"15":3,"16":2,"17":1,"18":1,"19":3,"20":3,"21":3,"22":0,"23":3,"24":1,"25":1,"26":0,"27":1,"28":1,"29":1,"30":1,"31":1,"32":0,"33":1,"34":1,"35":1,"36":3},"f":{"0":19,"1":4,"2":3,"3":1,"4":3,"5":1,"6":1,"7":1,"8":1},"b":{"0":[2,2],"1":[2,0],"2":[2,1],"3":[0,3],"4":[0,1],"5":[0,1]},"_coverageSchema":"1a1c01bbd47fc00a2c39e90264f33305004495a9","hash":"6c1f39662c926dab5eb3c38102d11daaf7ff2643"}
,"/Users/byunboy2/Rithm/exercises/7/rithm-messagely/routes/auth.js": {"path":"/Users/byunboy2/Rithm/exercises/7/rithm-messagely/routes/auth.js","statementMap":{"0":{"start":{"line":3,"column":15},"end":{"line":3,"column":40}},"1":{"start":{"line":4,"column":15},"end":{"line":4,"column":27}},"2":{"start":{"line":5,"column":47},"end":{"line":5,"column":73}},"3":{"start":{"line":6,"column":13},"end":{"line":6,"column":38}},"4":{"start":{"line":7,"column":12},"end":{"line":7,"column":35}},"5":{"start":{"line":8,"column":43},"end":{"line":8,"column":63}},"6":{"start":{"line":9,"column":15},"end":{"line":9,"column":32}},"7":{"start":{"line":14,"column":0},"end":{"line":28,"column":3}},"8":{"start":{"line":16,"column":2},"end":{"line":16,"column":58}},"9":{"start":{"line":16,"column":30},"end":{"line":16,"column":58}},"10":{"start":{"line":17,"column":33},"end":{"line":17,"column":41}},"11":{"start":{"line":18,"column":2},"end":{"line":18,"column":58}},"12":{"start":{"line":18,"column":30},"end":{"line":18,"column":58}},"13":{"start":{"line":20,"column":2},"end":{"line":26,"column":3}},"14":{"start":{"line":21,"column":20},"end":{"line":21,"column":32}},"15":{"start":{"line":22,"column":18},"end":{"line":22,"column":47}},"16":{"start":{"line":23,"column":4},"end":{"line":23,"column":31}},"17":{"start":{"line":25,"column":4},"end":{"line":25,"column":86}},"18":{"start":{"line":36,"column":0},"end":{"line":50,"column":3}},"19":{"start":{"line":37,"column":2},"end":{"line":37,"column":58}},"20":{"start":{"line":37,"column":30},"end":{"line":37,"column":58}},"21":{"start":{"line":40,"column":2},"end":{"line":45,"column":3}},"22":{"start":{"line":41,"column":4},"end":{"line":41,"column":56}},"23":{"start":{"line":44,"column":4},"end":{"line":44,"column":65}},"24":{"start":{"line":47,"column":18},"end":{"line":47,"column":30}},"25":{"start":{"line":48,"column":16},"end":{"line":48,"column":45}},"26":{"start":{"line":49,"column":2},"end":{"line":49,"column":29}},"27":{"start":{"line":53,"column":0},"end":{"line":53,"column":24}}},"fnMap":{"0":{"name":"(anonymous_0)","decl":{"start":{"line":14,"column":22},"end":{"line":14,"column":23}},"loc":{"start":{"line":14,"column":54},"end":{"line":28,"column":1}},"line":14},"1":{"name":"(anonymous_1)","decl":{"start":{"line":36,"column":25},"end":{"line":36,"column":26}},"loc":{"start":{"line":36,"column":57},"end":{"line":50,"column":1}},"line":36}},"branchMap":{"0":{"loc":{"start":{"line":16,"column":2},"end":{"line":16,"column":58}},"type":"if","locations":[{"start":{"line":16,"column":2},"end":{"line":16,"column":58}},{"start":{},"end":{}}],"line":16},"1":{"loc":{"start":{"line":18,"column":2},"end":{"line":18,"column":58}},"type":"if","locations":[{"start":{"line":18,"column":2},"end":{"line":18,"column":58}},{"start":{},"end":{}}],"line":18},"2":{"loc":{"start":{"line":18,"column":6},"end":{"line":18,"column":28}},"type":"binary-expr","locations":[{"start":{"line":18,"column":6},"end":{"line":18,"column":15}},{"start":{"line":18,"column":19},"end":{"line":18,"column":28}}],"line":18},"3":{"loc":{"start":{"line":20,"column":2},"end":{"line":26,"column":3}},"type":"if","locations":[{"start":{"line":20,"column":2},"end":{"line":26,"column":3}},{"start":{"line":24,"column":9},"end":{"line":26,"column":3}}],"line":20},"4":{"loc":{"start":{"line":37,"column":2},"end":{"line":37,"column":58}},"type":"if","locations":[{"start":{"line":37,"column":2},"end":{"line":37,"column":58}},{"start":{},"end":{}}],"line":37}},"s":{"0":1,"1":1,"2":1,"3":1,"4":1,"5":1,"6":1,"7":1,"8":2,"9":0,"10":2,"11":2,"12":0,"13":2,"14":1,"15":1,"16":1,"17":1,"18":1,"19":0,"20":0,"21":0,"22":0,"23":0,"24":0,"25":0,"26":0,"27":1},"f":{"0":2,"1":0},"b":{"0":[0,2],"1":[0,2],"2":[2,2],"3":[1,1],"4":[0,0]},"_coverageSchema":"1a1c01bbd47fc00a2c39e90264f33305004495a9","hash":"6051ab08320671c67c71d3b4dd7d999778fa3264"}
,"/Users/byunboy2/Rithm/exercises/7/rithm-messagely/routes/messages.js": {"path":"/Users/byunboy2/Rithm/exercises/7/rithm-messagely/routes/messages.js","statementMap":{"0":{"start":{"line":3,"column":15},"end":{"line":3,"column":40}},"1":{"start":{"line":4,"column":15},"end":{"line":4,"column":27}},"2":{"start":{"line":5,"column":16},"end":{"line":5,"column":44}},"3":{"start":{"line":11,"column":4},"end":{"line":11,"column":33}},"4":{"start":{"line":12,"column":28},"end":{"line":12,"column":54}},"5":{"start":{"line":29,"column":0},"end":{"line":38,"column":2}},"6":{"start":{"line":33,"column":4},"end":{"line":33,"column":65}},"7":{"start":{"line":47,"column":0},"end":{"line":73,"column":5}},"8":{"start":{"line":51,"column":4},"end":{"line":51,"column":60}},"9":{"start":{"line":51,"column":32},"end":{"line":51,"column":60}},"10":{"start":{"line":53,"column":34},"end":{"line":53,"column":42}},"11":{"start":{"line":54,"column":4},"end":{"line":57,"column":9}},"12":{"start":{"line":56,"column":10},"end":{"line":56,"column":38}},"13":{"start":{"line":61,"column":4},"end":{"line":70,"column":5}},"14":{"start":{"line":62,"column":6},"end":{"line":66,"column":9}},"15":{"start":{"line":68,"column":6},"end":{"line":68,"column":63}},"16":{"start":{"line":72,"column":4},"end":{"line":72,"column":31}},"17":{"start":{"line":84,"column":0},"end":{"line":89,"column":5}},"18":{"start":{"line":88,"column":4},"end":{"line":88,"column":70}},"19":{"start":{"line":92,"column":0},"end":{"line":92,"column":24}}},"fnMap":{"0":{"name":"(anonymous_0)","decl":{"start":{"line":32,"column":2},"end":{"line":32,"column":3}},"loc":{"start":{"line":32,"column":31},"end":{"line":38,"column":1}},"line":32},"1":{"name":"(anonymous_1)","decl":{"start":{"line":50,"column":2},"end":{"line":50,"column":3}},"loc":{"start":{"line":50,"column":34},"end":{"line":73,"column":3}},"line":50},"2":{"name":"(anonymous_2)","decl":{"start":{"line":87,"column":2},"end":{"line":87,"column":3}},"loc":{"start":{"line":87,"column":34},"end":{"line":89,"column":3}},"line":87}},"branchMap":{"0":{"loc":{"start":{"line":51,"column":4},"end":{"line":51,"column":60}},"type":"if","locations":[{"start":{"line":51,"column":4},"end":{"line":51,"column":60}},{"start":{},"end":{}}],"line":51},"1":{"loc":{"start":{"line":54,"column":4},"end":{"line":57,"column":9}},"type":"if","locations":[{"start":{"line":54,"column":4},"end":{"line":57,"column":9}},{"start":{},"end":{}}],"line":54},"2":{"loc":{"start":{"line":54,"column":8},"end":{"line":55,"column":26}},"type":"binary-expr","locations":[{"start":{"line":54,"column":8},"end":{"line":54,"column":33}},{"start":{"line":55,"column":8},"end":{"line":55,"column":26}}],"line":54}},"s":{"0":1,"1":1,"2":1,"3":1,"4":1,"5":1,"6":0,"7":1,"8":0,"9":0,"10":0,"11":0,"12":0,"13":0,"14":0,"15":0,"16":0,"17":1,"18":0,"19":1},"f":{"0":0,"1":0,"2":0},"b":{"0":[0,0],"1":[0,0],"2":[0,0]},"_coverageSchema":"1a1c01bbd47fc00a2c39e90264f33305004495a9","hash":"e46dd29a8d03caa0bfba30b985e5f8d3a7e12025"}
,"/Users/byunboy2/Rithm/exercises/7/rithm-messagely/routes/users.js": {"path":"/Users/byunboy2/Rithm/exercises/7/rithm-messagely/routes/users.js","statementMap":{"0":{"start":{"line":3,"column":15},"end":{"line":3,"column":40}},"1":{"start":{"line":4,"column":15},"end":{"line":4,"column":27}},"2":{"start":{"line":5,"column":13},"end":{"line":5,"column":38}},"3":{"start":{"line":10,"column":4},"end":{"line":10,"column":33}},"4":{"start":{"line":20,"column":0},"end":{"line":25,"column":3}},"5":{"start":{"line":24,"column":4},"end":{"line":24,"column":49}},"6":{"start":{"line":34,"column":0},"end":{"line":39,"column":3}},"7":{"start":{"line":38,"column":4},"end":{"line":38,"column":67}},"8":{"start":{"line":52,"column":0},"end":{"line":57,"column":3}},"9":{"start":{"line":56,"column":4},"end":{"line":56,"column":78}},"10":{"start":{"line":70,"column":0},"end":{"line":75,"column":3}},"11":{"start":{"line":74,"column":4},"end":{"line":74,"column":80}},"12":{"start":{"line":79,"column":0},"end":{"line":79,"column":24}}},"fnMap":{"0":{"name":"(anonymous_0)","decl":{"start":{"line":23,"column":2},"end":{"line":23,"column":3}},"loc":{"start":{"line":23,"column":34},"end":{"line":25,"column":1}},"line":23},"1":{"name":"(anonymous_1)","decl":{"start":{"line":37,"column":2},"end":{"line":37,"column":3}},"loc":{"start":{"line":37,"column":34},"end":{"line":39,"column":1}},"line":37},"2":{"name":"(anonymous_2)","decl":{"start":{"line":55,"column":2},"end":{"line":55,"column":3}},"loc":{"start":{"line":55,"column":34},"end":{"line":57,"column":1}},"line":55},"3":{"name":"(anonymous_3)","decl":{"start":{"line":73,"column":2},"end":{"line":73,"column":3}},"loc":{"start":{"line":73,"column":34},"end":{"line":75,"column":1}},"line":73}},"branchMap":{},"s":{"0":1,"1":1,"2":1,"3":1,"4":1,"5":0,"6":1,"7":0,"8":1,"9":0,"10":1,"11":0,"12":1},"f":{"0":0,"1":0,"2":0,"3":0},"b":{},"_coverageSchema":"1a1c01bbd47fc00a2c39e90264f33305004495a9","hash":"8c4df864a6e44fc539f35383629ec8257ff75ac0"}
}
