TN:
SF:app.js
FN:35,(anonymous_0)
FN:40,(anonymous_1)
FNF:2
FNH:1
FNDA:0,(anonymous_0)
FNDA:1,(anonymous_1)
DA:6,1
DA:7,1
DA:8,1
DA:10,1
DA:11,1
DA:14,1
DA:15,1
DA:18,1
DA:21,1
DA:25,1
DA:26,1
DA:27,1
DA:29,1
DA:30,1
DA:31,1
DA:35,1
DA:36,0
DA:40,1
DA:41,1
DA:42,1
DA:43,1
DA:44,1
DA:50,1
LF:23
LH:22
BRDA:41,0,0,1
BRDA:41,0,1,0
BRDA:43,1,0,0
BRDA:43,1,1,1
BRF:4
BRH:2
end_of_record
TN:
SF:config.js
FNF:0
FNH:0
DA:7,3
DA:9,3
DA:13,3
DA:15,3
DA:18,3
LF:5
LH:5
BRDA:9,0,0,3
BRDA:9,0,1,0
BRDA:13,1,0,3
BRDA:13,1,1,3
BRF:4
BRH:3
end_of_record
TN:
SF:db.js
FNF:0
FNH:0
DA:6,3
DA:7,3
DA:9,3
DA:11,3
DA:14,3
LF:5
LH:5
BRF:0
BRH:0
end_of_record
TN:
SF:expressError.js
FN:8,(anonymous_0)
FN:18,(anonymous_1)
FN:26,(anonymous_2)
FN:34,(anonymous_3)
FN:42,(anonymous_4)
FNF:5
FNH:3
FNDA:3,(anonymous_0)
FNDA:2,(anonymous_1)
FNDA:1,(anonymous_2)
FNDA:0,(anonymous_3)
FNDA:0,(anonymous_4)
DA:9,3
DA:10,3
DA:11,3
DA:19,2
DA:27,1
DA:35,0
DA:43,0
DA:47,3
LF:8
LH:6
BRDA:18,0,0,0
BRDA:26,1,0,0
BRDA:34,2,0,0
BRDA:42,3,0,0
BRF:4
BRH:0
end_of_record
TN:
SF:middleware/auth.js
FN:15,authenticateJWT
FN:29,ensureLoggedIn
FN:43,ensureCorrectUser
FN:58,ensureSenderReceiver
FN:74,ensureRecipient
FNF:5
FNH:1
FNDA:2,authenticateJWT
FNDA:0,ensureLoggedIn
FNDA:0,ensureCorrectUser
FNDA:0,ensureSenderReceiver
FNDA:0,ensureRecipient
DA:5,1
DA:7,1
DA:8,1
DA:10,1
DA:16,2
DA:17,2
DA:18,2
DA:19,0
DA:20,0
DA:23,2
DA:31,0
DA:32,0
DA:34,0
DA:44,0
DA:45,0
DA:47,0
DA:49,0
DA:52,0
DA:60,0
DA:63,0
DA:65,0
DA:75,0
DA:76,0
DA:78,0
DA:80,0
DA:83,0
DA:88,1
LF:27
LH:9
BRDA:17,0,0,2
BRDA:17,0,1,2
BRDA:31,1,0,0
BRDA:31,1,1,0
BRDA:45,2,0,0
BRDA:45,2,1,0
BRDA:45,3,0,0
BRDA:45,3,1,0
BRDA:60,4,0,0
BRDA:60,4,1,0
BRDA:61,5,0,0
BRDA:61,5,1,0
BRDA:76,6,0,0
BRDA:76,6,1,0
BRDA:76,7,0,0
BRDA:76,7,1,0
BRF:16
BRH:2
end_of_record
TN:
SF:models/message.js
FN:16,(anonymous_0)
FN:38,(anonymous_1)
FN:60,(anonymous_2)
FN:107,(anonymous_3)
FN:126,(anonymous_4)
FN:145,(anonymous_5)
FNF:6
FNH:1
FNDA:6,(anonymous_0)
FNDA:0,(anonymous_1)
FNDA:0,(anonymous_2)
FNDA:0,(anonymous_3)
FNDA:0,(anonymous_4)
FNDA:0,(anonymous_5)
DA:5,3
DA:6,3
DA:17,6
DA:27,4
DA:39,0
DA:45,0
DA:47,0
DA:49,0
DA:61,0
DA:80,0
DA:82,0
DA:84,0
DA:109,0
DA:116,0
DA:117,0
DA:119,0
DA:128,0
DA:135,0
DA:136,0
DA:138,0
DA:147,0
DA:157,0
DA:158,0
DA:160,0
DA:167,3
LF:25
LH:5
BRDA:47,0,0,0
BRDA:47,0,1,0
BRDA:82,1,0,0
BRDA:82,1,1,0
BRDA:116,2,0,0
BRDA:116,2,1,0
BRDA:135,3,0,0
BRDA:135,3,1,0
BRDA:157,4,0,0
BRDA:157,4,1,0
BRF:10
BRH:0
end_of_record
TN:
SF:models/user.js
FN:17,(anonymous_0)
FN:43,(anonymous_1)
FN:66,(anonymous_2)
FN:83,(anonymous_3)
FN:102,(anonymous_4)
FN:131,(anonymous_5)
FN:159,(anonymous_6)
FN:181,(anonymous_7)
FN:210,(anonymous_8)
FNF:9
FNH:9
FNDA:19,(anonymous_0)
FNDA:4,(anonymous_1)
FNDA:3,(anonymous_2)
FNDA:1,(anonymous_3)
FNDA:3,(anonymous_4)
FNDA:1,(anonymous_5)
FNDA:1,(anonymous_6)
FNDA:1,(anonymous_7)
FNDA:1,(anonymous_8)
DA:3,3
DA:4,3
DA:6,3
DA:7,3
DA:20,19
DA:25,19
DA:38,16
DA:46,4
DA:51,4
DA:54,4
DA:55,2
DA:57,2
DA:58,2
DA:61,2
DA:68,3
DA:75,3
DA:76,2
DA:85,1
DA:90,1
DA:104,3
DA:114,3
DA:116,3
DA:117,0
DA:120,3
DA:134,1
DA:139,1
DA:140,0
DA:143,1
DA:158,1
DA:159,1
DA:184,1
DA:189,1
DA:190,0
DA:193,1
DA:209,1
DA:210,1
DA:226,3
LF:37
LH:34
BRDA:54,0,0,2
BRDA:54,0,1,2
BRDA:55,1,0,2
BRDA:55,1,1,0
BRDA:75,2,0,2
BRDA:75,2,1,1
BRDA:116,3,0,0
BRDA:116,3,1,3
BRDA:139,4,0,0
BRDA:139,4,1,1
BRDA:189,5,0,0
BRDA:189,5,1,1
BRF:12
BRH:8
end_of_record
TN:
SF:routes/auth.js
FN:14,(anonymous_0)
FN:36,(anonymous_1)
FNF:2
FNH:1
FNDA:2,(anonymous_0)
FNDA:0,(anonymous_1)
DA:3,1
DA:4,1
DA:5,1
DA:6,1
DA:7,1
DA:8,1
DA:9,1
DA:14,1
DA:16,2
DA:17,2
DA:18,2
DA:20,2
DA:21,1
DA:22,1
DA:23,1
DA:25,1
DA:36,1
DA:37,0
DA:40,0
DA:41,0
DA:44,0
DA:47,0
DA:48,0
DA:49,0
DA:53,1
LF:25
LH:18
BRDA:16,0,0,0
BRDA:16,0,1,2
BRDA:18,1,0,0
BRDA:18,1,1,2
BRDA:18,2,0,2
BRDA:18,2,1,2
BRDA:20,3,0,1
BRDA:20,3,1,1
BRDA:37,4,0,0
BRDA:37,4,1,0
BRF:10
BRH:6
end_of_record
TN:
SF:routes/messages.js
FN:32,(anonymous_0)
FN:50,(anonymous_1)
FN:87,(anonymous_2)
FNF:3
FNH:0
FNDA:0,(anonymous_0)
FNDA:0,(anonymous_1)
FNDA:0,(anonymous_2)
DA:3,1
DA:4,1
DA:5,1
DA:11,1
DA:12,1
DA:29,1
DA:33,0
DA:47,1
DA:51,0
DA:53,0
DA:54,0
DA:56,0
DA:61,0
DA:62,0
DA:68,0
DA:72,0
DA:84,1
DA:88,0
DA:92,1
LF:19
LH:9
BRDA:51,0,0,0
BRDA:51,0,1,0
BRDA:54,1,0,0
BRDA:54,1,1,0
BRDA:54,2,0,0
BRDA:54,2,1,0
BRF:6
BRH:0
end_of_record
TN:
SF:routes/users.js
FN:23,(anonymous_0)
FN:37,(anonymous_1)
FN:55,(anonymous_2)
FN:73,(anonymous_3)
FNF:4
FNH:0
FNDA:0,(anonymous_0)
FNDA:0,(anonymous_1)
FNDA:0,(anonymous_2)
FNDA:0,(anonymous_3)
DA:3,1
DA:4,1
DA:5,1
DA:10,1
DA:20,1
DA:24,0
DA:34,1
DA:38,0
DA:52,1
DA:56,0
DA:70,1
DA:74,0
DA:79,1
LF:13
LH:9
BRF:0
BRH:0
end_of_record
